<?xml version="1.0" encoding="UTF-8"?>
<testsuite name="org.example.compiler.MiniKotlinCompilerTest" tests="3" skipped="0" failures="0" errors="0" timestamp="2026-03-09T12:54:15.285Z" hostname="fedora" time="0.302">
  <properties/>
  <testcase name="compile loop_test_mini outputs 55()" classname="org.example.compiler.MiniKotlinCompilerTest" time="0.23"/>
  <testcase name="compile call_in_expr_mini outputs 17()" classname="org.example.compiler.MiniKotlinCompilerTest" time="0.034"/>
  <testcase name="compile example_mini outputs 120 and 15()" classname="org.example.compiler.MiniKotlinCompilerTest" time="0.037"/>
  <system-out><![CDATA[            public class MiniProgram {
                public static void doublef(Integer n, Continuation<Integer> __continuation) {
    __continuation.accept((n * 2));
    return;
}
public static void triplef(Integer n, Continuation<Integer> __continuation) {
    __continuation.accept((n * 3));
    return;
}
public static void main(String[] args) {
    doublef(4, (arg1) -> {
        triplef(3, (arg2) -> {
            Integer result = (arg1 + arg2);
            Prelude.println(result, (arg0) -> {
    
            });
        });
    });
}

            }
Success(className=MiniProgram, classLoader=java.net.URLClassLoader@52eacb4b, compiledClass=class MiniProgram)
Success(stdout=17
, stderr=)
]]></system-out>
  <system-err><![CDATA[]]></system-err>
</testsuite>
