<?xml version="1.0" encoding="UTF-8"?>
<testsuite name="org.example.compiler.MiniKotlinCompilerTest" tests="3" skipped="0" failures="0" errors="0" timestamp="2026-03-09T15:57:31.410Z" hostname="fedora" time="0.295">
  <properties/>
  <testcase name="compile loop_test_mini outputs 55()" classname="org.example.compiler.MiniKotlinCompilerTest" time="0.232"/>
  <testcase name="compile call_in_expr_mini outputs 17()" classname="org.example.compiler.MiniKotlinCompilerTest" time="0.031"/>
  <testcase name="compile example_mini outputs 120 and 15()" classname="org.example.compiler.MiniKotlinCompilerTest" time="0.031"/>
  <system-out><![CDATA[]]></system-out>
  <system-err><![CDATA[]]></system-err>
</testsuite>
